<?xml version="1.0" encoding="UTF-8"?>
<testng-results ignored="0" total="1" passed="1" failed="0" skipped="0">
  <reporter-output>
  </reporter-output>
  <suite started-at="2023-02-24T20:54:30 CST" name="Default suite" finished-at="2023-02-24T20:54:46 CST" duration-ms="16782">
    <groups>
    </groups>
    <test started-at="2023-02-24T20:54:30 CST" name="Default test" finished-at="2023-02-24T20:54:46 CST" duration-ms="16782">
      <class name="test.AddCustomerTest">
        <test-method signature="userShouldBeAbleToAddCustomer()[pri:0, instance:test.AddCustomerTest@40f70521]" started-at="2023-02-24T20:54:30 CST" name="userShouldBeAbleToAddCustomer" finished-at="2023-02-24T20:54:46 CST" duration-ms="16731" status="PASS">
          <reporter-output>
          </reporter-output>
        </test-method> <!-- userShouldBeAbleToAddCustomer -->
      </class> <!-- test.AddCustomerTest -->
    </test> <!-- Default test -->
  </suite> <!-- Default suite -->
</testng-results>
